<?xml version="1.0" encoding="UTF-8"?>
<!-- Generated by org.testng.reporters.JUnitXMLReporter -->
<testsuite ignored="8" hostname="LAPTOP-90E9IVHD" failures="0" tests="5" name="Test1" time="67.121" errors="0" timestamp="2025-03-24T21:34:03 IST">
  <testcase classname="contactTest.ToCreateContact1Test" name="toCreateContact_001" time="9.644"/>
  <testcase classname="OrganizationTest.ToCreateOrg2Test" name="toCreateOrg_001" time="9.067"/>
  <testcase classname="OrganizationTest.ToCreateOrgWithIndustry3Test" name="toCreateOrg_002" time="7.201"/>
  <testcase classname="OrganizationTest.ToCreateOrgWithType4Test" name="toCreateOrgWithTypeDropdown_003" time="9.174"/>
  <testcase classname="contactTest.ToCreateContactWithOrg5Test" name="toCreateContactWithOrg_002" time="10.279"/>
  <testcase classname="genericUtility.BaseClass" name="@BeforeSuite bsConfig" time="0.0">
    <ignored/>
  </testcase> <!-- @BeforeSuite bsConfig -->
  <testcase classname="genericUtility.BaseClass" name="@AfterSuite asConfig" time="0.0">
    <ignored/>
  </testcase> <!-- @AfterSuite asConfig -->
  <testcase classname="genericUtility.BaseClass" name="@BeforeSuite bsConfig" time="0.0">
    <ignored/>
  </testcase> <!-- @BeforeSuite bsConfig -->
  <testcase classname="genericUtility.BaseClass" name="@BeforeSuite bsConfig" time="0.0">
    <ignored/>
  </testcase> <!-- @BeforeSuite bsConfig -->
  <testcase classname="genericUtility.BaseClass" name="@AfterSuite asConfig" time="0.0">
    <ignored/>
  </testcase> <!-- @AfterSuite asConfig -->
  <testcase classname="genericUtility.BaseClass" name="@AfterSuite asConfig" time="0.0">
    <ignored/>
  </testcase> <!-- @AfterSuite asConfig -->
  <testcase classname="genericUtility.BaseClass" name="@BeforeSuite bsConfig" time="0.0">
    <ignored/>
  </testcase> <!-- @BeforeSuite bsConfig -->
  <testcase classname="genericUtility.BaseClass" name="@AfterSuite asConfig" time="0.0">
    <ignored/>
  </testcase> <!-- @AfterSuite asConfig -->
</testsuite> <!-- Test1 -->
