<?xml version="1.0" encoding="UTF-8"?>
<!-- Generated by org.testng.reporters.JUnitXMLReporter -->
<testsuite ignored="10" hostname="LAPTOP-90E9IVHD" failures="0" tests="3" name="Test" time="73.966" errors="0" timestamp="2025-03-24T08:45:57 IST">
  <testcase classname="OrganizationTest.ToCreateOrgWithIndustry3Test" name="toCreateOrg_002" time="15.468"/>
  <testcase classname="OrganizationTest.ToCreateOrgWithType4Test" name="toCreateOrgWithTypeDropdown_003" time="18.255"/>
  <testcase classname="OrganizationTest.ToCreateOrg2Test" name="toCreateOrg_001" time="14.898"/>
  <testcase classname="genericUtility.BaseClass" name="@AfterSuite asConfig" time="0.0">
    <ignored/>
  </testcase> <!-- @AfterSuite asConfig -->
  <testcase classname="genericUtility.BaseClass" name="@BeforeSuite bsConfig" time="0.0">
    <ignored/>
  </testcase> <!-- @BeforeSuite bsConfig -->
  <testcase classname="genericUtility.BaseClass" name="@AfterSuite asConfig" time="0.0">
    <ignored/>
  </testcase> <!-- @AfterSuite asConfig -->
  <testcase classname="genericUtility.BaseClass" name="@BeforeSuite bsConfig" time="0.0">
    <ignored/>
  </testcase> <!-- @BeforeSuite bsConfig -->
  <testcase classname="contactTest.ToCreateContact1Test" name="toCreateContact_001" time="0.0">
    <ignored/>
  </testcase> <!-- toCreateContact_001 -->
  <testcase classname="genericUtility.BaseClass" name="@AfterSuite asConfig" time="0.0">
    <ignored/>
  </testcase> <!-- @AfterSuite asConfig -->
  <testcase classname="genericUtility.BaseClass" name="@BeforeSuite bsConfig" time="0.0">
    <ignored/>
  </testcase> <!-- @BeforeSuite bsConfig -->
  <testcase classname="genericUtility.BaseClass" name="@AfterSuite asConfig" time="0.0">
    <ignored/>
  </testcase> <!-- @AfterSuite asConfig -->
  <testcase classname="genericUtility.BaseClass" name="@BeforeSuite bsConfig" time="0.0">
    <ignored/>
  </testcase> <!-- @BeforeSuite bsConfig -->
  <testcase classname="contactTest.ToCreateContactWithOrg5Test" name="toCreateContactWithOrg_002" time="0.0">
    <ignored/>
  </testcase> <!-- toCreateContactWithOrg_002 -->
</testsuite> <!-- Test -->
